1 233
2 395
3 506
4 290
5 61
6 162
7 275
8 136
9 56
10 144
11 196
12 81
13 478
14 207
15 327
16 194
17 238
18 277
19 76
20 111
21 52
22 483
23 169
24 511
25 216
26 55
27 252
28 444
29 472
30 222
31 477
32 487
33 384
34 69
35 379
36 425
37 60
38 147
39 312
40 24
41 289
42 189
43 333
44 149
45 272
46 206
47 82
48 471
49 420
50 392
51 62
52 512
53 223
54 273
55 299
56 358
57 43
58 368
59 317
60 318
61 59
62 166
63 33
64 93
65 498
66 217
67 492
68 30
69 64
70 315
71 288
72 305
73 249
74 441
75 84
76 160
77 42
78 406
79 199
80 126
81 381
82 193
83 370
84 365
85 348
86 96
87 285
88 443
89 345
90 48
91 244
92 475
93 110
94 324
95 188
96 142
97 353
98 343
99 455
100 344
101 50
102 18
103 85
104 91
105 44
106 68
107 224
108 338
109 321
110 66
111 133
112 276
113 328
114 331
115 503
116 177
117 46
118 419
119 236
120 265
121 250
122 355
123 80
124 405
125 322
126 433
127 447
128 295
129 214
130 159
131 6
132 19
133 260
134 269
135 164
136 375
137 502
138 251
139 210
140 505
141 184
142 264
143 192
144 145
145 468
146 38
147 148
148 306
149 87
150 507
151 440
152 75
153 187
154 16
155 175
156 37
157 127
158 161
159 157
160 390
161 356
162 357
163 208
164 1
165 426
166 79
167 227
168 293
169 270
170 499
171 404
172 281
173 146
174 431
175 430
176 459
177 337
178 218
179 35
180 494
181 259
182 329
183 25
184 86
185 245
186 372
187 402
188 74
189 330
190 383
191 95
192 284
193 198
194 394
195 153
196 114
197 201
198 108
199 480
200 386
201 36
202 508
203 195
204 8
205 158
206 274
207 132
208 326
209 467
210 215
211 453
212 262
213 466
214 319
215 493
216 373
217 446
218 422
219 171
220 7
221 311
222 351
223 12
224 474
225 473
226 435
227 342
228 325
229 354
230 63
231 102
232 374
233 438
234 106
235 341
236 219
237 203
238 190
239 418
240 23
241 396
242 231
243 378
244 495
245 140
246 67
247 221
248 5
249 352
250 65
251 336
252 454
253 104
254 124
255 137
256 314
257 128
258 97
259 53
260 170
261 360
262 283
263 178
264 303
265 429
266 363
267 109
268 316
269 450
270 34
271 29
272 167
273 258
274 242
275 209
276 232
277 101
278 416
279 174
280 122
281 346
282 439
283 465
284 307
285 449
286 154
287 176
288 470
289 204
290 428
291 4
292 105
293 181
294 39
295 15
296 436
297 298
298 335
299 143
300 437
301 261
302 385
303 2
304 413
305 141
306 172
307 225
308 45
309 408
310 13
311 125
312 240
313 434
314 130
315 54
316 401
317 155
318 496
319 173
320 98
321 230
322 448
323 421
324 202
325 377
326 296
327 71
328 107
329 254
330 350
331 100
332 226
333 32
334 228
335 191
336 458
337 302
338 369
339 185
340 485
341 131
342 197
343 247
344 364
345 14
346 83
347 113
348 432
349 388
350 292
351 308
352 334
353 103
354 339
355 297
356 179
357 361
358 490
359 391
360 17
361 135
362 99
363 393
364 347
365 73
366 313
367 457
368 138
369 268
370 332
371 412
372 389
373 246
374 479
375 90
376 407
377 27
378 163
379 200
380 387
381 461
382 229
383 49
384 213
385 399
386 116
387 10
388 452
389 497
390 57
391 500
392 300
393 41
394 489
395 47
396 152
397 182
398 340
399 359
400 205
401 20
402 310
403 371
404 287
405 26
406 89
407 382
408 488
409 3
410 417
411 410
412 380
413 123
414 256
415 469
416 462
417 129
418 243
419 349
420 304
421 235
422 280
423 257
424 11
425 366
426 151
427 88
428 40
429 484
430 165
431 376
432 255
433 77
434 266
435 301
436 183
437 415
438 212
439 241
440 271
441 186
442 463
443 58
444 509
445 362
446 476
447 282
448 22
449 31
450 278
451 248
452 486
453 28
454 403
455 9
456 294
457 451
458 21
459 400
460 279
461 460
462 409
463 464
464 414
465 442
466 121
467 239
468 211
469 323
470 220
471 398
472 501
473 78
474 424
475 118
476 120
477 427
478 156
479 70
480 481
481 397
482 237
483 267
484 445
485 411
486 291
487 320
488 168
489 117
490 139
491 94
492 112
493 504
494 51
495 286
496 134
497 150
498 309
499 491
500 423
501 510
502 263
503 115
504 482
505 367
506 253
507 72
508 92
509 119
510 234
511 180
512 456
