1 136
2 207
3 58
4 170
5 47
6 118
7 16
8 75
9 142
10 99
11 88
12 62
13 162
14 190
15 143
16 189
17 164
18 155
19 111
20 182
21 2
22 126
23 147
24 9
25 40
26 144
27 60
28 141
29 52
30 63
31 160
32 132
33 203
34 250
35 20
36 255
37 226
38 218
39 107
40 181
41 231
42 76
43 186
44 169
45 175
46 7
47 48
48 131
49 23
50 124
51 215
52 237
53 183
54 109
55 165
56 256
57 140
58 177
59 101
60 214
61 5
62 198
63 72
64 227
65 46
66 14
67 157
68 234
69 246
70 154
71 194
72 185
73 43
74 24
75 192
76 191
77 57
78 158
79 216
80 184
81 150
82 233
83 139
84 83
85 228
86 252
87 13
88 73
89 92
90 39
91 239
92 254
93 78
94 244
95 44
96 224
97 66
98 89
99 212
100 213
101 221
102 235
103 204
104 96
105 61
106 15
107 37
108 242
109 36
110 146
111 174
112 125
113 86
114 105
115 209
116 129
117 232
118 148
119 51
120 135
121 116
122 6
123 27
124 112
125 251
126 69
127 1
128 128
129 195
130 94
131 87
132 81
133 179
134 123
135 64
136 217
137 49
138 10
139 159
140 222
141 120
142 122
143 110
144 21
145 31
146 206
147 133
148 106
149 248
150 205
151 59
152 249
153 25
154 85
155 134
156 173
157 210
158 240
159 130
160 95
161 34
162 156
163 93
164 54
165 35
166 102
167 100
168 28
169 56
170 74
171 55
172 151
173 253
174 42
175 201
176 229
177 117
178 193
179 152
180 8
181 121
182 38
183 211
184 220
185 50
186 230
187 53
188 65
189 236
190 208
191 119
192 19
193 127
194 187
195 29
196 90
197 241
198 3
199 91
200 70
201 80
202 223
203 178
204 197
205 153
206 171
207 238
208 115
209 137
210 67
211 166
212 68
213 176
214 17
215 82
216 33
217 4
218 84
219 200
220 79
221 145
222 188
223 18
224 11
225 168
226 108
227 45
228 172
229 167
230 161
231 243
232 77
233 196
234 199
235 138
236 149
237 104
238 202
239 71
240 26
241 97
242 113
243 180
244 114
245 32
246 247
247 245
248 98
249 41
250 22
251 30
252 219
253 225
254 163
255 103
256 12
