1 40
2 37
3 70
4 20
5 68
6 69
7 76
8 73
9 124
10 92
11 75
12 126
13 53
14 112
15 108
16 120
17 125
18 54
19 38
20 5
21 89
22 8
23 16
24 105
25 80
26 64
27 1
28 15
29 83
30 45
31 85
32 74
33 48
34 93
35 121
36 55
37 17
38 79
39 88
40 98
41 11
42 113
43 109
44 30
45 114
46 61
47 44
48 21
49 110
50 34
51 127
52 57
53 14
54 2
55 107
56 39
57 58
58 47
59 86
60 43
61 77
62 23
63 78
64 97
65 72
66 25
67 31
68 106
69 46
70 63
71 33
72 65
73 9
74 27
75 103
76 96
77 35
78 94
79 56
80 81
81 41
82 116
83 12
84 19
85 51
86 50
87 128
88 67
89 3
90 71
91 87
92 32
93 26
94 10
95 90
96 29
97 115
98 119
99 22
100 82
101 122
102 123
103 18
104 100
105 42
106 4
107 24
108 102
109 36
110 59
111 62
112 104
113 95
114 111
115 99
116 101
117 28
118 7
119 13
120 52
121 118
122 6
123 49
124 66
125 84
126 117
127 91
128 60
